f:\engine\sdks\bullet3\bin\bulletdynamics_vs2010_debug.pdb
f:\engine\sdks\bullet3\build3\vs2010\obj\x32\debug\bulletdynamics\bthinge2constraint.obj
f:\engine\sdks\bullet3\build3\vs2010\obj\x32\debug\bulletdynamics\btdiscretedynamicsworldmt.obj
f:\engine\sdks\bullet3\build3\vs2010\obj\x32\debug\bulletdynamics\btfixedconstraint.obj
f:\engine\sdks\bullet3\build3\vs2010\obj\x32\debug\bulletdynamics\btmultibodyfixedconstraint.obj
f:\engine\sdks\bullet3\build3\vs2010\obj\x32\debug\bulletdynamics\btdiscretedynamicsworld.obj
f:\engine\sdks\bullet3\build3\vs2010\obj\x32\debug\bulletdynamics\btgeneric6dofspring2constraint.obj
f:\engine\sdks\bullet3\build3\vs2010\obj\x32\debug\bulletdynamics\btmultibodysliderconstraint.obj
f:\engine\sdks\bullet3\bin\bulletdynamics_vs2010_debug.lib
f:\engine\sdks\bullet3\build3\vs2010\obj\x32\debug\bulletdynamics\btconetwistconstraint.obj
f:\engine\sdks\bullet3\build3\vs2010\obj\x32\debug\bulletdynamics\btcontactconstraint.obj
f:\engine\sdks\bullet3\build3\vs2010\obj\x32\debug\bulletdynamics\btdantziglcp.obj
f:\engine\sdks\bullet3\build3\vs2010\obj\x32\debug\bulletdynamics\btgearconstraint.obj
f:\engine\sdks\bullet3\build3\vs2010\obj\x32\debug\bulletdynamics\btgeneric6dofconstraint.obj
f:\engine\sdks\bullet3\build3\vs2010\obj\x32\debug\bulletdynamics\btgeneric6dofspringconstraint.obj
f:\engine\sdks\bullet3\build3\vs2010\obj\x32\debug\bulletdynamics\bthingeconstraint.obj
f:\engine\sdks\bullet3\build3\vs2010\obj\x32\debug\bulletdynamics\btkinematiccharactercontroller.obj
f:\engine\sdks\bullet3\build3\vs2010\obj\x32\debug\bulletdynamics\btlemkealgorithm.obj
f:\engine\sdks\bullet3\build3\vs2010\obj\x32\debug\bulletdynamics\btmlcpsolver.obj
f:\engine\sdks\bullet3\build3\vs2010\obj\x32\debug\bulletdynamics\btmultibody.obj
f:\engine\sdks\bullet3\build3\vs2010\obj\x32\debug\bulletdynamics\btmultibodyconstraint.obj
f:\engine\sdks\bullet3\build3\vs2010\obj\x32\debug\bulletdynamics\btmultibodyconstraintsolver.obj
f:\engine\sdks\bullet3\build3\vs2010\obj\x32\debug\bulletdynamics\btmultibodydynamicsworld.obj
f:\engine\sdks\bullet3\build3\vs2010\obj\x32\debug\bulletdynamics\btmultibodyjointlimitconstraint.obj
f:\engine\sdks\bullet3\build3\vs2010\obj\x32\debug\bulletdynamics\btmultibodyjointmotor.obj
f:\engine\sdks\bullet3\build3\vs2010\obj\x32\debug\bulletdynamics\btmultibodypoint2point.obj
f:\engine\sdks\bullet3\build3\vs2010\obj\x32\debug\bulletdynamics\btnncgconstraintsolver.obj
f:\engine\sdks\bullet3\build3\vs2010\obj\x32\debug\bulletdynamics\btpoint2pointconstraint.obj
f:\engine\sdks\bullet3\build3\vs2010\obj\x32\debug\bulletdynamics\btraycastvehicle.obj
f:\engine\sdks\bullet3\build3\vs2010\obj\x32\debug\bulletdynamics\btrigidbody.obj
f:\engine\sdks\bullet3\build3\vs2010\obj\x32\debug\bulletdynamics\btsequentialimpulseconstraintsolver.obj
f:\engine\sdks\bullet3\build3\vs2010\obj\x32\debug\bulletdynamics\btsimpledynamicsworld.obj
f:\engine\sdks\bullet3\build3\vs2010\obj\x32\debug\bulletdynamics\btsimulationislandmanagermt.obj
f:\engine\sdks\bullet3\build3\vs2010\obj\x32\debug\bulletdynamics\btsliderconstraint.obj
f:\engine\sdks\bullet3\build3\vs2010\obj\x32\debug\bulletdynamics\btsolve2linearconstraint.obj
f:\engine\sdks\bullet3\build3\vs2010\obj\x32\debug\bulletdynamics\bttypedconstraint.obj
f:\engine\sdks\bullet3\build3\vs2010\obj\x32\debug\bulletdynamics\btuniversalconstraint.obj
f:\engine\sdks\bullet3\build3\vs2010\obj\x32\debug\bulletdynamics\btwheelinfo.obj
f:\engine\sdks\bullet3\build3\vs2010\..\..\bin\bulletdynamics_vs2010_debug.lib
f:\engine\sdks\bullet3\build3\vs2010\obj\x32\debug\bulletdynamics\bulletdynamics.tlog\cl.command.1.tlog
f:\engine\sdks\bullet3\build3\vs2010\obj\x32\debug\bulletdynamics\bulletdynamics.tlog\cl.read.1.tlog
f:\engine\sdks\bullet3\build3\vs2010\obj\x32\debug\bulletdynamics\bulletdynamics.tlog\cl.write.1.tlog
f:\engine\sdks\bullet3\build3\vs2010\obj\x32\debug\bulletdynamics\bulletdynamics.tlog\lib-link.write.1.tlog
f:\engine\sdks\bullet3\build3\vs2010\obj\x32\debug\bulletdynamics\bulletdynamics.tlog\lib.command.1.tlog
f:\engine\sdks\bullet3\build3\vs2010\obj\x32\debug\bulletdynamics\bulletdynamics.tlog\lib.read.1.tlog
