f:\engine\sdks\bullet3\bin\bullet3opencl_clew_vs2010_debug.pdb
f:\engine\sdks\bullet3\build3\vs2010\obj\x32\debug\bullet3opencl_clew\clew.obj
f:\engine\sdks\bullet3\build3\vs2010\obj\x32\debug\bullet3opencl_clew\b3gpuparallellinearbvh.obj
f:\engine\sdks\bullet3\build3\vs2010\obj\x32\debug\bullet3opencl_clew\b3gjkepa.obj
f:\engine\sdks\bullet3\build3\vs2010\obj\x32\debug\bullet3opencl_clew\b3trianglecallback.obj
f:\engine\sdks\bullet3\build3\vs2010\obj\x32\debug\bullet3opencl_clew\b3fillcl.obj
f:\engine\sdks\bullet3\build3\vs2010\obj\x32\debug\bullet3opencl_clew\b3gpugenericconstraint.obj
f:\engine\sdks\bullet3\build3\vs2010\obj\x32\debug\bullet3opencl_clew\b3gpupgsconstraintsolver.obj
f:\engine\sdks\bullet3\build3\vs2010\obj\x32\debug\bullet3opencl_clew\b3gpugridbroadphase.obj
f:\engine\sdks\bullet3\build3\vs2010\obj\x32\debug\bullet3opencl_clew\b3openclutils.obj
f:\engine\sdks\bullet3\build3\vs2010\obj\x32\debug\bullet3opencl_clew\b3optimizedbvh.obj
f:\engine\sdks\bullet3\build3\vs2010\obj\x32\debug\bullet3opencl_clew\b3quantizedbvh.obj
f:\engine\sdks\bullet3\build3\vs2010\obj\x32\debug\bullet3opencl_clew\b3voronoisimplexsolver.obj
f:\engine\sdks\bullet3\build3\vs2010\obj\x32\debug\bullet3opencl_clew\b3prefixscancl.obj
f:\engine\sdks\bullet3\build3\vs2010\obj\x32\debug\bullet3opencl_clew\b3radixsort32cl.obj
f:\engine\sdks\bullet3\build3\vs2010\obj\x32\debug\bullet3opencl_clew\b3gpunarrowphase.obj
f:\engine\sdks\bullet3\build3\vs2010\obj\x32\debug\bullet3opencl_clew\b3solver.obj
f:\engine\sdks\bullet3\build3\vs2010\obj\x32\debug\bullet3opencl_clew\b3gpusapbroadphase.obj
f:\engine\sdks\bullet3\build3\vs2010\obj\x32\debug\bullet3opencl_clew\b3gjkpairdetector.obj
f:\engine\sdks\bullet3\build3\vs2010\obj\x32\debug\bullet3opencl_clew\b3stridingmeshinterface.obj
f:\engine\sdks\bullet3\build3\vs2010\obj\x32\debug\bullet3opencl_clew\b3triangleindexvertexarray.obj
f:\engine\sdks\bullet3\build3\vs2010\obj\x32\debug\bullet3opencl_clew\b3launchercl.obj
f:\engine\sdks\bullet3\build3\vs2010\obj\x32\debug\bullet3opencl_clew\b3gpuraycast.obj
f:\engine\sdks\bullet3\build3\vs2010\obj\x32\debug\bullet3opencl_clew\b3gpupgscontactsolver.obj
f:\engine\sdks\bullet3\build3\vs2010\obj\x32\debug\bullet3opencl_clew\b3gpuparallellinearbvhbroadphase.obj
f:\engine\sdks\bullet3\build3\vs2010\obj\x32\debug\bullet3opencl_clew\b3contactcache.obj
f:\engine\sdks\bullet3\build3\vs2010\obj\x32\debug\bullet3opencl_clew\b3convexhullcontact.obj
f:\engine\sdks\bullet3\build3\vs2010\obj\x32\debug\bullet3opencl_clew\b3boundsearchcl.obj
f:\engine\sdks\bullet3\build3\vs2010\obj\x32\debug\bullet3opencl_clew\b3prefixscanfloat4cl.obj
f:\engine\sdks\bullet3\build3\vs2010\obj\x32\debug\bullet3opencl_clew\b3gpujacobicontactsolver.obj
f:\engine\sdks\bullet3\build3\vs2010\obj\x32\debug\bullet3opencl_clew\b3gpurigidbodypipeline.obj
f:\engine\sdks\bullet3\bin\bullet3opencl_clew_vs2010_debug.lib
f:\engine\sdks\bullet3\build3\vs2010\..\..\bin\bullet3opencl_clew_vs2010_debug.lib
f:\engine\sdks\bullet3\build3\vs2010\obj\x32\debug\bullet3opencl_clew\bullet3o.a690ce26.tlog\cl.command.1.tlog
f:\engine\sdks\bullet3\build3\vs2010\obj\x32\debug\bullet3opencl_clew\bullet3o.a690ce26.tlog\cl.read.1.tlog
f:\engine\sdks\bullet3\build3\vs2010\obj\x32\debug\bullet3opencl_clew\bullet3o.a690ce26.tlog\cl.write.1.tlog
f:\engine\sdks\bullet3\build3\vs2010\obj\x32\debug\bullet3opencl_clew\bullet3o.a690ce26.tlog\lib-link.write.1.tlog
f:\engine\sdks\bullet3\build3\vs2010\obj\x32\debug\bullet3opencl_clew\bullet3o.a690ce26.tlog\lib.command.1.tlog
f:\engine\sdks\bullet3\build3\vs2010\obj\x32\debug\bullet3opencl_clew\bullet3o.a690ce26.tlog\lib.read.1.tlog
