Build started 07.05.2017 17:39:03.
     1>Project "F:\engine\sdks\bullet3\build3\vs2010\OpenGL_Window.vcxproj" on node 2 (Build target(s)).
     1>ClCompile:
         C:\Program Files (x86)\Microsoft Visual Studio 12.0\VC\bin\CL.exe /c /I..\..\examples\ThirdPartyLibs\Glew /I..\..\src /Zi /nologo /W3 /WX- /Od /Oy- /D _DEBUG=1 /D GLEW_STATIC /D _MBCS /Gm- /EHsc /RTC1 /MTd /GS /Gy /fp:fast /Zc:wchar_t /Zc:forScope /Fo"obj\x32\Debug\OpenGL_Window\\" /Fd"..\..\bin\OpenGL_Window_vs2010_debug.pdb" /Gd /TC /analyze- /errorReport:prompt /MP /wd4244 /wd4267 ..\..\examples\ThirdPartyLibs\Glew\glew.c
         glew.c
         C:\Program Files (x86)\Microsoft Visual Studio 12.0\VC\bin\CL.exe /c /I..\..\examples\ThirdPartyLibs\Glew /I..\..\src /Zi /nologo /W3 /WX- /Od /Oy- /D _DEBUG=1 /D GLEW_STATIC /D _MBCS /Gm- /EHsc /RTC1 /MTd /GS /Gy /fp:fast /Zc:wchar_t /Zc:forScope /Fo"obj\x32\Debug\OpenGL_Window\\" /Fd"..\..\bin\OpenGL_Window_vs2010_debug.pdb" /Gd /TP /analyze- /errorReport:prompt /MP /wd4244 /wd4267 ..\..\examples\OpenGLWindow\EGLOpenGLWindow.cpp ..\..\examples\OpenGLWindow\fontstash.cpp ..\..\examples\OpenGLWindow\GLInstancingRenderer.cpp ..\..\examples\OpenGLWindow\GLPrimitiveRenderer.cpp ..\..\examples\OpenGLWindow\GLRenderToTexture.cpp ..\..\examples\OpenGLWindow\LoadShader.cpp ..\..\examples\OpenGLWindow\opengl_fontstashcallbacks.cpp ..\..\examples\OpenGLWindow\OpenSans.cpp ..\..\examples\OpenGLWindow\SimpleCamera.cpp ..\..\examples\OpenGLWindow\SimpleOpenGL2App.cpp ..\..\examples\OpenGLWindow\SimpleOpenGL2Renderer.cpp ..\..\examples\OpenGLWindow\SimpleOpenGL3App.cpp ..\..\examples\OpenGLWindow\TwFonts.cpp ..\..\examples\OpenGLWindow\Win32OpenGLWindow.cpp ..\..\examples\OpenGLWindow\Win32Window.cpp
         EGLOpenGLWindow.cpp
         fontstash.cpp
         GLInstancingRenderer.cpp
         GLPrimitiveRenderer.cpp
         GLRenderToTexture.cpp
     1>..\..\examples\OpenGLWindow\GLPrimitiveRenderer.cpp(505): warning C4800: 'int' : forcing value to bool 'true' or 'false' (performance warning)
     1>..\..\examples\OpenGLWindow\GLPrimitiveRenderer.cpp(525): warning C4800: 'int' : forcing value to bool 'true' or 'false' (performance warning)
         LoadShader.cpp
         opengl_fontstashcallbacks.cpp
     1>f:\engine\sdks\bullet3\examples\openglwindow\stb_image_write.h(156): warning C4996: 'fopen': This function or variable may be unsafe. Consider using fopen_s instead. To disable deprecation, use _CRT_SECURE_NO_WARNINGS. See online help for details. (..\..\examples\OpenGLWindow\opengl_fontstashcallbacks.cpp)
                 C:\Program Files (x86)\Microsoft Visual Studio 12.0\VC\include\stdio.h(211) : see declaration of 'fopen'
         OpenSans.cpp
         SimpleCamera.cpp
     1>f:\engine\sdks\bullet3\examples\openglwindow\stb_image_write.h(495): warning C4996: 'fopen': This function or variable may be unsafe. Consider using fopen_s instead. To disable deprecation, use _CRT_SECURE_NO_WARNINGS. See online help for details. (..\..\examples\OpenGLWindow\opengl_fontstashcallbacks.cpp)
                 C:\Program Files (x86)\Microsoft Visual Studio 12.0\VC\include\stdio.h(211) : see declaration of 'fopen'
         SimpleOpenGL2App.cpp
         SimpleOpenGL2Renderer.cpp
         SimpleOpenGL3App.cpp
         TwFonts.cpp
     1>..\..\examples\OpenGLWindow\fontstash.cpp(225): warning C4996: 'fopen': This function or variable may be unsafe. Consider using fopen_s instead. To disable deprecation, use _CRT_SECURE_NO_WARNINGS. See online help for details.
                 C:\Program Files (x86)\Microsoft Visual Studio 12.0\VC\include\stdio.h(211) : see declaration of 'fopen'
         Win32OpenGLWindow.cpp
         Win32Window.cpp
       Lib:
         C:\Program Files (x86)\Microsoft Visual Studio 12.0\VC\bin\Lib.exe /OUT:"..\..\bin\OpenGL_Window_vs2010_debug.lib" /NOLOGO /MACHINE:X86 obj\x32\Debug\OpenGL_Window\glew.obj
         obj\x32\Debug\OpenGL_Window\EGLOpenGLWindow.obj
         obj\x32\Debug\OpenGL_Window\fontstash.obj
         obj\x32\Debug\OpenGL_Window\GLInstancingRenderer.obj
         obj\x32\Debug\OpenGL_Window\GLPrimitiveRenderer.obj
         obj\x32\Debug\OpenGL_Window\GLRenderToTexture.obj
         obj\x32\Debug\OpenGL_Window\LoadShader.obj
         obj\x32\Debug\OpenGL_Window\opengl_fontstashcallbacks.obj
         obj\x32\Debug\OpenGL_Window\OpenSans.obj
         obj\x32\Debug\OpenGL_Window\SimpleCamera.obj
         obj\x32\Debug\OpenGL_Window\SimpleOpenGL2App.obj
         obj\x32\Debug\OpenGL_Window\SimpleOpenGL2Renderer.obj
         obj\x32\Debug\OpenGL_Window\SimpleOpenGL3App.obj
         obj\x32\Debug\OpenGL_Window\TwFonts.obj
         obj\x32\Debug\OpenGL_Window\Win32OpenGLWindow.obj
         obj\x32\Debug\OpenGL_Window\Win32Window.obj
         OpenGL_Window.vcxproj -> F:\engine\sdks\bullet3\build3\vs2010\..\..\bin\OpenGL_Window_vs2010_debug.lib
     1>Done Building Project "F:\engine\sdks\bullet3\build3\vs2010\OpenGL_Window.vcxproj" (Build target(s)).

Build succeeded.

Time Elapsed 00:01:02.32
