f:\engine\sdks\bullet3\bin\bulletcollision_vs2010_debug.pdb
f:\engine\sdks\bullet3\bin\bulletcollision_vs2010_debug.lib
f:\engine\sdks\bullet3\build3\vs2010\obj\x32\debug\bulletcollision\btactivatingcollisionalgorithm.obj
f:\engine\sdks\bullet3\build3\vs2010\obj\x32\debug\bulletcollision\btaxissweep3.obj
f:\engine\sdks\bullet3\build3\vs2010\obj\x32\debug\bulletcollision\btbox2dbox2dcollisionalgorithm.obj
f:\engine\sdks\bullet3\build3\vs2010\obj\x32\debug\bulletcollision\btbox2dshape.obj
f:\engine\sdks\bullet3\build3\vs2010\obj\x32\debug\bulletcollision\btboxboxcollisionalgorithm.obj
f:\engine\sdks\bullet3\build3\vs2010\obj\x32\debug\bulletcollision\btboxboxdetector.obj
f:\engine\sdks\bullet3\build3\vs2010\obj\x32\debug\bulletcollision\btboxshape.obj
f:\engine\sdks\bullet3\build3\vs2010\obj\x32\debug\bulletcollision\btbroadphaseproxy.obj
f:\engine\sdks\bullet3\build3\vs2010\obj\x32\debug\bulletcollision\btbvhtrianglemeshshape.obj
f:\engine\sdks\bullet3\build3\vs2010\obj\x32\debug\bulletcollision\btcapsuleshape.obj
f:\engine\sdks\bullet3\build3\vs2010\obj\x32\debug\bulletcollision\btcollisionalgorithm.obj
f:\engine\sdks\bullet3\build3\vs2010\obj\x32\debug\bulletcollision\btcollisiondispatcher.obj
f:\engine\sdks\bullet3\build3\vs2010\obj\x32\debug\bulletcollision\btcollisionobject.obj
f:\engine\sdks\bullet3\build3\vs2010\obj\x32\debug\bulletcollision\btcollisionshape.obj
f:\engine\sdks\bullet3\build3\vs2010\obj\x32\debug\bulletcollision\btcollisionworld.obj
f:\engine\sdks\bullet3\build3\vs2010\obj\x32\debug\bulletcollision\btcollisionworldimporter.obj
f:\engine\sdks\bullet3\build3\vs2010\obj\x32\debug\bulletcollision\btcompoundcollisionalgorithm.obj
f:\engine\sdks\bullet3\build3\vs2010\obj\x32\debug\bulletcollision\btcompoundcompoundcollisionalgorithm.obj
f:\engine\sdks\bullet3\build3\vs2010\obj\x32\debug\bulletcollision\btcompoundshape.obj
f:\engine\sdks\bullet3\build3\vs2010\obj\x32\debug\bulletcollision\btconcaveshape.obj
f:\engine\sdks\bullet3\build3\vs2010\obj\x32\debug\bulletcollision\btconeshape.obj
f:\engine\sdks\bullet3\build3\vs2010\obj\x32\debug\bulletcollision\btcontactprocessing.obj
f:\engine\sdks\bullet3\build3\vs2010\obj\x32\debug\bulletcollision\btcontinuousconvexcollision.obj
f:\engine\sdks\bullet3\build3\vs2010\obj\x32\debug\bulletcollision\btconvex2dconvex2dalgorithm.obj
f:\engine\sdks\bullet3\build3\vs2010\obj\x32\debug\bulletcollision\btconvex2dshape.obj
f:\engine\sdks\bullet3\build3\vs2010\obj\x32\debug\bulletcollision\btconvexcast.obj
f:\engine\sdks\bullet3\build3\vs2010\obj\x32\debug\bulletcollision\btconvexconcavecollisionalgorithm.obj
f:\engine\sdks\bullet3\build3\vs2010\obj\x32\debug\bulletcollision\btconvexconvexalgorithm.obj
f:\engine\sdks\bullet3\build3\vs2010\obj\x32\debug\bulletcollision\btconvexhullshape.obj
f:\engine\sdks\bullet3\build3\vs2010\obj\x32\debug\bulletcollision\btconvexinternalshape.obj
f:\engine\sdks\bullet3\build3\vs2010\obj\x32\debug\bulletcollision\btconvexplanecollisionalgorithm.obj
f:\engine\sdks\bullet3\build3\vs2010\obj\x32\debug\bulletcollision\btconvexpointcloudshape.obj
f:\engine\sdks\bullet3\build3\vs2010\obj\x32\debug\bulletcollision\btconvexpolyhedron.obj
f:\engine\sdks\bullet3\build3\vs2010\obj\x32\debug\bulletcollision\btconvexshape.obj
f:\engine\sdks\bullet3\build3\vs2010\obj\x32\debug\bulletcollision\btconvextrianglemeshshape.obj
f:\engine\sdks\bullet3\build3\vs2010\obj\x32\debug\bulletcollision\btcylindershape.obj
f:\engine\sdks\bullet3\build3\vs2010\obj\x32\debug\bulletcollision\btdbvt.obj
f:\engine\sdks\bullet3\build3\vs2010\obj\x32\debug\bulletcollision\btdbvtbroadphase.obj
f:\engine\sdks\bullet3\build3\vs2010\obj\x32\debug\bulletcollision\btdefaultcollisionconfiguration.obj
f:\engine\sdks\bullet3\build3\vs2010\obj\x32\debug\bulletcollision\btdispatcher.obj
f:\engine\sdks\bullet3\build3\vs2010\obj\x32\debug\bulletcollision\btemptycollisionalgorithm.obj
f:\engine\sdks\bullet3\build3\vs2010\obj\x32\debug\bulletcollision\btemptyshape.obj
f:\engine\sdks\bullet3\build3\vs2010\obj\x32\debug\bulletcollision\btgenericpoolallocator.obj
f:\engine\sdks\bullet3\build3\vs2010\obj\x32\debug\bulletcollision\btghostobject.obj
f:\engine\sdks\bullet3\build3\vs2010\obj\x32\debug\bulletcollision\btgimpactbvh.obj
f:\engine\sdks\bullet3\build3\vs2010\obj\x32\debug\bulletcollision\btgimpactcollisionalgorithm.obj
f:\engine\sdks\bullet3\build3\vs2010\obj\x32\debug\bulletcollision\btgimpactquantizedbvh.obj
f:\engine\sdks\bullet3\build3\vs2010\obj\x32\debug\bulletcollision\btgimpactshape.obj
f:\engine\sdks\bullet3\build3\vs2010\obj\x32\debug\bulletcollision\btgjkconvexcast.obj
f:\engine\sdks\bullet3\build3\vs2010\obj\x32\debug\bulletcollision\btgjkepa2.obj
f:\engine\sdks\bullet3\build3\vs2010\obj\x32\debug\bulletcollision\btgjkepapenetrationdepthsolver.obj
f:\engine\sdks\bullet3\build3\vs2010\obj\x32\debug\bulletcollision\btgjkpairdetector.obj
f:\engine\sdks\bullet3\build3\vs2010\obj\x32\debug\bulletcollision\bthashedsimplepaircache.obj
f:\engine\sdks\bullet3\build3\vs2010\obj\x32\debug\bulletcollision\btheightfieldterrainshape.obj
f:\engine\sdks\bullet3\build3\vs2010\obj\x32\debug\bulletcollision\btinternaledgeutility.obj
f:\engine\sdks\bullet3\build3\vs2010\obj\x32\debug\bulletcollision\btmanifoldresult.obj
f:\engine\sdks\bullet3\build3\vs2010\obj\x32\debug\bulletcollision\btminkowskipenetrationdepthsolver.obj
f:\engine\sdks\bullet3\build3\vs2010\obj\x32\debug\bulletcollision\btminkowskisumshape.obj
f:\engine\sdks\bullet3\build3\vs2010\obj\x32\debug\bulletcollision\btmultimaterialtrianglemeshshape.obj
f:\engine\sdks\bullet3\build3\vs2010\obj\x32\debug\bulletcollision\btmultisphereshape.obj
f:\engine\sdks\bullet3\build3\vs2010\obj\x32\debug\bulletcollision\btoptimizedbvh.obj
f:\engine\sdks\bullet3\build3\vs2010\obj\x32\debug\bulletcollision\btoverlappingpaircache.obj
f:\engine\sdks\bullet3\build3\vs2010\obj\x32\debug\bulletcollision\btpersistentmanifold.obj
f:\engine\sdks\bullet3\build3\vs2010\obj\x32\debug\bulletcollision\btpolyhedralcontactclipping.obj
f:\engine\sdks\bullet3\build3\vs2010\obj\x32\debug\bulletcollision\btpolyhedralconvexshape.obj
f:\engine\sdks\bullet3\build3\vs2010\obj\x32\debug\bulletcollision\btquantizedbvh.obj
f:\engine\sdks\bullet3\build3\vs2010\obj\x32\debug\bulletcollision\btraycastcallback.obj
f:\engine\sdks\bullet3\build3\vs2010\obj\x32\debug\bulletcollision\btscaledbvhtrianglemeshshape.obj
f:\engine\sdks\bullet3\build3\vs2010\obj\x32\debug\bulletcollision\btshapehull.obj
f:\engine\sdks\bullet3\build3\vs2010\obj\x32\debug\bulletcollision\btsimplebroadphase.obj
f:\engine\sdks\bullet3\build3\vs2010\obj\x32\debug\bulletcollision\btsimulationislandmanager.obj
f:\engine\sdks\bullet3\build3\vs2010\obj\x32\debug\bulletcollision\btsphereboxcollisionalgorithm.obj
f:\engine\sdks\bullet3\build3\vs2010\obj\x32\debug\bulletcollision\btsphereshape.obj
f:\engine\sdks\bullet3\build3\vs2010\obj\x32\debug\bulletcollision\btspherespherecollisionalgorithm.obj
f:\engine\sdks\bullet3\build3\vs2010\obj\x32\debug\bulletcollision\btspheretrianglecollisionalgorithm.obj
f:\engine\sdks\bullet3\build3\vs2010\obj\x32\debug\bulletcollision\btstaticplaneshape.obj
f:\engine\sdks\bullet3\build3\vs2010\obj\x32\debug\bulletcollision\btstridingmeshinterface.obj
f:\engine\sdks\bullet3\build3\vs2010\obj\x32\debug\bulletcollision\btsubsimplexconvexcast.obj
f:\engine\sdks\bullet3\build3\vs2010\obj\x32\debug\bulletcollision\bttetrahedronshape.obj
f:\engine\sdks\bullet3\build3\vs2010\obj\x32\debug\bulletcollision\bttrianglebuffer.obj
f:\engine\sdks\bullet3\build3\vs2010\obj\x32\debug\bulletcollision\bttrianglecallback.obj
f:\engine\sdks\bullet3\build3\vs2010\obj\x32\debug\bulletcollision\bttriangleindexvertexarray.obj
f:\engine\sdks\bullet3\build3\vs2010\obj\x32\debug\bulletcollision\bttriangleindexvertexmaterialarray.obj
f:\engine\sdks\bullet3\build3\vs2010\obj\x32\debug\bulletcollision\bttrianglemesh.obj
f:\engine\sdks\bullet3\build3\vs2010\obj\x32\debug\bulletcollision\bttrianglemeshshape.obj
f:\engine\sdks\bullet3\build3\vs2010\obj\x32\debug\bulletcollision\bttriangleshapeex.obj
f:\engine\sdks\bullet3\build3\vs2010\obj\x32\debug\bulletcollision\btuniformscalingshape.obj
f:\engine\sdks\bullet3\build3\vs2010\obj\x32\debug\bulletcollision\btunionfind.obj
f:\engine\sdks\bullet3\build3\vs2010\obj\x32\debug\bulletcollision\btvoronoisimplexsolver.obj
f:\engine\sdks\bullet3\build3\vs2010\obj\x32\debug\bulletcollision\gim_box_set.obj
f:\engine\sdks\bullet3\build3\vs2010\obj\x32\debug\bulletcollision\gim_contact.obj
f:\engine\sdks\bullet3\build3\vs2010\obj\x32\debug\bulletcollision\gim_memory.obj
f:\engine\sdks\bullet3\build3\vs2010\obj\x32\debug\bulletcollision\gim_tri_collision.obj
f:\engine\sdks\bullet3\build3\vs2010\obj\x32\debug\bulletcollision\spheretriangledetector.obj
f:\engine\sdks\bullet3\build3\vs2010\..\..\bin\bulletcollision_vs2010_debug.lib
f:\engine\sdks\bullet3\build3\vs2010\obj\x32\debug\bulletcollision\bulletcollision.tlog\cl.command.1.tlog
f:\engine\sdks\bullet3\build3\vs2010\obj\x32\debug\bulletcollision\bulletcollision.tlog\cl.read.1.tlog
f:\engine\sdks\bullet3\build3\vs2010\obj\x32\debug\bulletcollision\bulletcollision.tlog\cl.write.1.tlog
f:\engine\sdks\bullet3\build3\vs2010\obj\x32\debug\bulletcollision\bulletcollision.tlog\lib-link.write.1.tlog
f:\engine\sdks\bullet3\build3\vs2010\obj\x32\debug\bulletcollision\bulletcollision.tlog\lib.command.1.tlog
f:\engine\sdks\bullet3\build3\vs2010\obj\x32\debug\bulletcollision\bulletcollision.tlog\lib.read.1.tlog
